2015-11-24 05:47:06,851 [Worker-3] INFO  o.e.m.c.i.l.LifecycleMappingFactory - Using org.eclipse.m2e.jdt.JarLifecycleMapping lifecycle mapping for MavenProject: ddfTest.com:selenium.mvn.elclipse:0.0.1-SNAPSHOT @ /Users/capiwega/gitHubRepo/PoiSelenium/selenium.mvn.elclipse/pom.xml.
2015-11-24 05:47:07,626 [Worker-3] INFO  o.e.m.j.i.AbstractJavaProjectConfigurator - Adding source folder /selenium.mvn.elclipse/src/main/java
2015-11-24 05:47:07,629 [Worker-3] INFO  o.e.m.j.i.AbstractJavaProjectConfigurator - Adding resource folder /selenium.mvn.elclipse/src/main/resources
2015-11-24 05:47:07,630 [Worker-3] INFO  o.e.m.j.i.AbstractJavaProjectConfigurator - Adding source folder /selenium.mvn.elclipse/src/test/java
2015-11-24 05:47:07,630 [Worker-3] INFO  o.e.m.j.i.AbstractJavaProjectConfigurator - Adding resource folder /selenium.mvn.elclipse/src/test/resources
2015-11-24 05:47:08,309 [Worker-3] WARN  o.e.m.c.i.embedder.EclipseLogger - Using platform encoding (UTF-8 actually) to copy filtered resources, i.e. build is platform dependent!
2015-11-24 05:47:08,349 [Worker-3] INFO  o.e.m.c.i.embedder.EclipseLogger - Copying 0 resource
2015-11-24 05:47:08,351 [Worker-3] WARN  o.e.m.c.i.embedder.EclipseLogger - Using platform encoding (UTF-8 actually) to copy filtered resources, i.e. build is platform dependent!
2015-11-24 05:47:08,352 [Worker-3] INFO  o.e.m.c.i.embedder.EclipseLogger - Copying 0 resource
2015-11-24 05:51:25,459 [Worker-6] INFO  o.e.m.c.i.l.LifecycleMappingFactory - Using org.eclipse.m2e.jdt.JarLifecycleMapping lifecycle mapping for MavenProject: ddfTest.com:selenium.mvn.elclipse:0.0.1-SNAPSHOT @ /Users/capiwega/gitHubRepo/PoiSelenium/selenium.mvn.elclipse/pom.xml.
2015-11-24 05:51:27,582 [Worker-6] INFO  o.e.m.c.i.e.AbstractTransferListenerAdapter - Downloading https://repo.maven.apache.org/maven2/org/seleniumhq/selenium/selenium-java/2.48.2/selenium-java-2.48.2.pom
2015-11-24 05:51:27,633 [Worker-6] INFO  o.e.m.c.i.e.AbstractTransferListenerAdapter - Downloaded https://repo.maven.apache.org/maven2/org/seleniumhq/selenium/selenium-java/2.48.2/selenium-java-2.48.2.pom
2015-11-24 05:51:27,695 [Worker-6] INFO  o.e.m.c.i.e.AbstractTransferListenerAdapter - Downloading https://repo.maven.apache.org/maven2/org/seleniumhq/selenium/selenium-parent/2.48.2/selenium-parent-2.48.2.pom
2015-11-24 05:51:27,738 [Worker-6] INFO  o.e.m.c.i.e.AbstractTransferListenerAdapter - Downloaded https://repo.maven.apache.org/maven2/org/seleniumhq/selenium/selenium-parent/2.48.2/selenium-parent-2.48.2.pom
2015-11-24 05:51:27,796 [Worker-6] INFO  o.e.m.c.i.e.AbstractTransferListenerAdapter - Downloading https://repo.maven.apache.org/maven2/org/seleniumhq/selenium/selenium-chrome-driver/2.48.2/selenium-chrome-driver-2.48.2.pom
2015-11-24 05:51:27,837 [Worker-6] INFO  o.e.m.c.i.e.AbstractTransferListenerAdapter - Downloaded https://repo.maven.apache.org/maven2/org/seleniumhq/selenium/selenium-chrome-driver/2.48.2/selenium-chrome-driver-2.48.2.pom
2015-11-24 05:51:27,886 [Worker-6] INFO  o.e.m.c.i.e.AbstractTransferListenerAdapter - Downloading https://repo.maven.apache.org/maven2/org/seleniumhq/selenium/selenium-remote-driver/2.48.2/selenium-remote-driver-2.48.2.pom
2015-11-24 05:51:27,935 [Worker-6] INFO  o.e.m.c.i.e.AbstractTransferListenerAdapter - Downloaded https://repo.maven.apache.org/maven2/org/seleniumhq/selenium/selenium-remote-driver/2.48.2/selenium-remote-driver-2.48.2.pom
2015-11-24 05:51:28,031 [Worker-6] INFO  o.e.m.c.i.e.AbstractTransferListenerAdapter - Downloading https://repo.maven.apache.org/maven2/org/seleniumhq/selenium/selenium-api/2.48.2/selenium-api-2.48.2.pom
2015-11-24 05:51:28,075 [Worker-6] INFO  o.e.m.c.i.e.AbstractTransferListenerAdapter - Downloaded https://repo.maven.apache.org/maven2/org/seleniumhq/selenium/selenium-api/2.48.2/selenium-api-2.48.2.pom
2015-11-24 05:51:28,208 [Worker-6] INFO  o.e.m.c.i.e.AbstractTransferListenerAdapter - Downloading https://repo.maven.apache.org/maven2/org/apache/httpcomponents/httpclient/4.5.1/httpclient-4.5.1.pom
2015-11-24 05:51:28,253 [Worker-6] INFO  o.e.m.c.i.e.AbstractTransferListenerAdapter - Downloaded https://repo.maven.apache.org/maven2/org/apache/httpcomponents/httpclient/4.5.1/httpclient-4.5.1.pom
2015-11-24 05:51:28,307 [Worker-6] INFO  o.e.m.c.i.e.AbstractTransferListenerAdapter - Downloading https://repo.maven.apache.org/maven2/org/apache/httpcomponents/httpcomponents-client/4.5.1/httpcomponents-client-4.5.1.pom
2015-11-24 05:51:28,409 [Worker-6] INFO  o.e.m.c.i.e.AbstractTransferListenerAdapter - Downloaded https://repo.maven.apache.org/maven2/org/apache/httpcomponents/httpcomponents-client/4.5.1/httpcomponents-client-4.5.1.pom
2015-11-24 05:51:28,481 [Worker-6] INFO  o.e.m.c.i.e.AbstractTransferListenerAdapter - Downloading https://repo.maven.apache.org/maven2/org/apache/httpcomponents/httpcore/4.4.3/httpcore-4.4.3.pom
2015-11-24 05:51:28,539 [Worker-6] INFO  o.e.m.c.i.e.AbstractTransferListenerAdapter - Downloaded https://repo.maven.apache.org/maven2/org/apache/httpcomponents/httpcore/4.4.3/httpcore-4.4.3.pom
2015-11-24 05:51:28,582 [Worker-6] INFO  o.e.m.c.i.e.AbstractTransferListenerAdapter - Downloading https://repo.maven.apache.org/maven2/org/apache/httpcomponents/httpcomponents-core/4.4.3/httpcomponents-core-4.4.3.pom
2015-11-24 05:51:28,639 [Worker-6] INFO  o.e.m.c.i.e.AbstractTransferListenerAdapter - Downloaded https://repo.maven.apache.org/maven2/org/apache/httpcomponents/httpcomponents-core/4.4.3/httpcomponents-core-4.4.3.pom
2015-11-24 05:51:28,882 [Worker-6] INFO  o.e.m.c.i.e.AbstractTransferListenerAdapter - Downloading https://repo.maven.apache.org/maven2/org/seleniumhq/selenium/selenium-edge-driver/2.48.2/selenium-edge-driver-2.48.2.pom
2015-11-24 05:51:28,924 [Worker-6] INFO  o.e.m.c.i.e.AbstractTransferListenerAdapter - Downloaded https://repo.maven.apache.org/maven2/org/seleniumhq/selenium/selenium-edge-driver/2.48.2/selenium-edge-driver-2.48.2.pom
2015-11-24 05:51:29,033 [Worker-6] INFO  o.e.m.c.i.e.AbstractTransferListenerAdapter - Downloading https://repo.maven.apache.org/maven2/org/seleniumhq/selenium/selenium-htmlunit-driver/2.48.2/selenium-htmlunit-driver-2.48.2.pom
2015-11-24 05:51:29,074 [Worker-6] INFO  o.e.m.c.i.e.AbstractTransferListenerAdapter - Downloaded https://repo.maven.apache.org/maven2/org/seleniumhq/selenium/selenium-htmlunit-driver/2.48.2/selenium-htmlunit-driver-2.48.2.pom
2015-11-24 05:51:29,250 [Worker-6] INFO  o.e.m.c.i.e.AbstractTransferListenerAdapter - Downloading https://repo.maven.apache.org/maven2/org/seleniumhq/selenium/selenium-support/2.48.2/selenium-support-2.48.2.pom
2015-11-24 05:51:29,293 [Worker-6] INFO  o.e.m.c.i.e.AbstractTransferListenerAdapter - Downloaded https://repo.maven.apache.org/maven2/org/seleniumhq/selenium/selenium-support/2.48.2/selenium-support-2.48.2.pom
2015-11-24 05:51:29,349 [Worker-6] INFO  o.e.m.c.i.e.AbstractTransferListenerAdapter - Downloading https://repo.maven.apache.org/maven2/net/sourceforge/htmlunit/htmlunit/2.18/htmlunit-2.18.pom
2015-11-24 05:51:29,441 [Worker-6] INFO  o.e.m.c.i.e.AbstractTransferListenerAdapter - Downloaded https://repo.maven.apache.org/maven2/net/sourceforge/htmlunit/htmlunit/2.18/htmlunit-2.18.pom
2015-11-24 05:51:29,616 [Worker-6] INFO  o.e.m.c.i.e.AbstractTransferListenerAdapter - Downloading https://repo.maven.apache.org/maven2/org/apache/httpcomponents/httpclient/4.5/httpclient-4.5.pom
2015-11-24 05:51:29,662 [Worker-6] INFO  o.e.m.c.i.e.AbstractTransferListenerAdapter - Downloaded https://repo.maven.apache.org/maven2/org/apache/httpcomponents/httpclient/4.5/httpclient-4.5.pom
2015-11-24 05:51:29,714 [Worker-6] INFO  o.e.m.c.i.e.AbstractTransferListenerAdapter - Downloading https://repo.maven.apache.org/maven2/org/apache/httpcomponents/httpcomponents-client/4.5/httpcomponents-client-4.5.pom
2015-11-24 05:51:29,763 [Worker-6] INFO  o.e.m.c.i.e.AbstractTransferListenerAdapter - Downloaded https://repo.maven.apache.org/maven2/org/apache/httpcomponents/httpcomponents-client/4.5/httpcomponents-client-4.5.pom
2015-11-24 05:51:29,851 [Worker-6] INFO  o.e.m.c.i.e.AbstractTransferListenerAdapter - Downloading https://repo.maven.apache.org/maven2/org/apache/httpcomponents/httpmime/4.5/httpmime-4.5.pom
2015-11-24 05:51:29,998 [Worker-6] INFO  o.e.m.c.i.e.AbstractTransferListenerAdapter - Downloaded https://repo.maven.apache.org/maven2/org/apache/httpcomponents/httpmime/4.5/httpmime-4.5.pom
2015-11-24 05:51:30,405 [Worker-6] INFO  o.e.m.c.i.e.AbstractTransferListenerAdapter - Downloading https://repo.maven.apache.org/maven2/org/eclipse/jetty/websocket/websocket-client/9.2.12.v20150709/websocket-client-9.2.12.v20150709.pom
2015-11-24 05:51:30,467 [Worker-6] INFO  o.e.m.c.i.e.AbstractTransferListenerAdapter - Downloaded https://repo.maven.apache.org/maven2/org/eclipse/jetty/websocket/websocket-client/9.2.12.v20150709/websocket-client-9.2.12.v20150709.pom
2015-11-24 05:51:30,518 [Worker-6] INFO  o.e.m.c.i.e.AbstractTransferListenerAdapter - Downloading https://repo.maven.apache.org/maven2/org/eclipse/jetty/websocket/websocket-parent/9.2.12.v20150709/websocket-parent-9.2.12.v20150709.pom
2015-11-24 05:51:30,561 [Worker-6] INFO  o.e.m.c.i.e.AbstractTransferListenerAdapter - Downloaded https://repo.maven.apache.org/maven2/org/eclipse/jetty/websocket/websocket-parent/9.2.12.v20150709/websocket-parent-9.2.12.v20150709.pom
2015-11-24 05:51:30,605 [Worker-6] INFO  o.e.m.c.i.e.AbstractTransferListenerAdapter - Downloading https://repo.maven.apache.org/maven2/org/eclipse/jetty/jetty-project/9.2.12.v20150709/jetty-project-9.2.12.v20150709.pom
2015-11-24 05:51:30,690 [Worker-6] INFO  o.e.m.c.i.e.AbstractTransferListenerAdapter - Downloaded https://repo.maven.apache.org/maven2/org/eclipse/jetty/jetty-project/9.2.12.v20150709/jetty-project-9.2.12.v20150709.pom
2015-11-24 05:51:30,809 [Worker-6] INFO  o.e.m.c.i.e.AbstractTransferListenerAdapter - Downloading https://repo.maven.apache.org/maven2/org/eclipse/jetty/jetty-util/9.2.12.v20150709/jetty-util-9.2.12.v20150709.pom
2015-11-24 05:51:30,856 [Worker-6] INFO  o.e.m.c.i.e.AbstractTransferListenerAdapter - Downloaded https://repo.maven.apache.org/maven2/org/eclipse/jetty/jetty-util/9.2.12.v20150709/jetty-util-9.2.12.v20150709.pom
2015-11-24 05:51:30,911 [Worker-6] INFO  o.e.m.c.i.e.AbstractTransferListenerAdapter - Downloading https://repo.maven.apache.org/maven2/org/eclipse/jetty/jetty-io/9.2.12.v20150709/jetty-io-9.2.12.v20150709.pom
2015-11-24 05:51:30,957 [Worker-6] INFO  o.e.m.c.i.e.AbstractTransferListenerAdapter - Downloaded https://repo.maven.apache.org/maven2/org/eclipse/jetty/jetty-io/9.2.12.v20150709/jetty-io-9.2.12.v20150709.pom
2015-11-24 05:51:31,009 [Worker-6] INFO  o.e.m.c.i.e.AbstractTransferListenerAdapter - Downloading https://repo.maven.apache.org/maven2/org/eclipse/jetty/websocket/websocket-common/9.2.12.v20150709/websocket-common-9.2.12.v20150709.pom
2015-11-24 05:51:31,050 [Worker-6] INFO  o.e.m.c.i.e.AbstractTransferListenerAdapter - Downloaded https://repo.maven.apache.org/maven2/org/eclipse/jetty/websocket/websocket-common/9.2.12.v20150709/websocket-common-9.2.12.v20150709.pom
2015-11-24 05:51:31,098 [Worker-6] INFO  o.e.m.c.i.e.AbstractTransferListenerAdapter - Downloading https://repo.maven.apache.org/maven2/org/eclipse/jetty/websocket/websocket-api/9.2.12.v20150709/websocket-api-9.2.12.v20150709.pom
2015-11-24 05:51:31,142 [Worker-6] INFO  o.e.m.c.i.e.AbstractTransferListenerAdapter - Downloaded https://repo.maven.apache.org/maven2/org/eclipse/jetty/websocket/websocket-api/9.2.12.v20150709/websocket-api-9.2.12.v20150709.pom
2015-11-24 05:51:31,277 [Worker-6] INFO  o.e.m.c.i.e.AbstractTransferListenerAdapter - Downloading https://repo.maven.apache.org/maven2/org/seleniumhq/selenium/selenium-firefox-driver/2.48.2/selenium-firefox-driver-2.48.2.pom
2015-11-24 05:51:31,319 [Worker-6] INFO  o.e.m.c.i.e.AbstractTransferListenerAdapter - Downloaded https://repo.maven.apache.org/maven2/org/seleniumhq/selenium/selenium-firefox-driver/2.48.2/selenium-firefox-driver-2.48.2.pom
2015-11-24 05:51:31,366 [Worker-6] INFO  o.e.m.c.i.e.AbstractTransferListenerAdapter - Downloading https://repo.maven.apache.org/maven2/org/seleniumhq/selenium/selenium-ie-driver/2.48.2/selenium-ie-driver-2.48.2.pom
2015-11-24 05:51:31,408 [Worker-6] INFO  o.e.m.c.i.e.AbstractTransferListenerAdapter - Downloaded https://repo.maven.apache.org/maven2/org/seleniumhq/selenium/selenium-ie-driver/2.48.2/selenium-ie-driver-2.48.2.pom
2015-11-24 05:51:31,454 [Worker-6] INFO  o.e.m.c.i.e.AbstractTransferListenerAdapter - Downloading https://repo.maven.apache.org/maven2/org/seleniumhq/selenium/selenium-safari-driver/2.48.2/selenium-safari-driver-2.48.2.pom
2015-11-24 05:51:31,496 [Worker-6] INFO  o.e.m.c.i.e.AbstractTransferListenerAdapter - Downloaded https://repo.maven.apache.org/maven2/org/seleniumhq/selenium/selenium-safari-driver/2.48.2/selenium-safari-driver-2.48.2.pom
2015-11-24 05:51:31,593 [Worker-6] INFO  o.e.m.c.i.e.AbstractTransferListenerAdapter - Downloading https://repo.maven.apache.org/maven2/org/seleniumhq/selenium/selenium-leg-rc/2.48.2/selenium-leg-rc-2.48.2.pom
2015-11-24 05:51:31,640 [Worker-6] INFO  o.e.m.c.i.e.AbstractTransferListenerAdapter - Downloaded https://repo.maven.apache.org/maven2/org/seleniumhq/selenium/selenium-leg-rc/2.48.2/selenium-leg-rc-2.48.2.pom
2015-11-24 05:51:31,708 [Worker-6] INFO  o.e.m.c.i.e.AbstractTransferListenerAdapter - Downloading https://repo.maven.apache.org/maven2/org/seleniumhq/selenium/selenium-java/2.48.2/selenium-java-2.48.2.jar
2015-11-24 05:51:31,750 [Worker-6] INFO  o.e.m.c.i.e.AbstractTransferListenerAdapter - Downloaded https://repo.maven.apache.org/maven2/org/seleniumhq/selenium/selenium-java/2.48.2/selenium-java-2.48.2.jar
2015-11-24 05:51:31,795 [Worker-6] INFO  o.e.m.c.i.e.AbstractTransferListenerAdapter - Downloading https://repo.maven.apache.org/maven2/org/seleniumhq/selenium/selenium-chrome-driver/2.48.2/selenium-chrome-driver-2.48.2.jar
2015-11-24 05:51:31,837 [Worker-6] INFO  o.e.m.c.i.e.AbstractTransferListenerAdapter - Downloaded https://repo.maven.apache.org/maven2/org/seleniumhq/selenium/selenium-chrome-driver/2.48.2/selenium-chrome-driver-2.48.2.jar
2015-11-24 05:51:31,897 [Worker-6] INFO  o.e.m.c.i.e.AbstractTransferListenerAdapter - Downloading https://repo.maven.apache.org/maven2/org/seleniumhq/selenium/selenium-remote-driver/2.48.2/selenium-remote-driver-2.48.2.jar
2015-11-24 05:51:32,060 [Worker-6] INFO  o.e.m.c.i.e.AbstractTransferListenerAdapter - Downloaded https://repo.maven.apache.org/maven2/org/seleniumhq/selenium/selenium-remote-driver/2.48.2/selenium-remote-driver-2.48.2.jar
2015-11-24 05:51:32,111 [Worker-6] INFO  o.e.m.c.i.e.AbstractTransferListenerAdapter - Downloading https://repo.maven.apache.org/maven2/org/seleniumhq/selenium/selenium-api/2.48.2/selenium-api-2.48.2.jar
2015-11-24 05:51:32,256 [Worker-6] INFO  o.e.m.c.i.e.AbstractTransferListenerAdapter - Downloaded https://repo.maven.apache.org/maven2/org/seleniumhq/selenium/selenium-api/2.48.2/selenium-api-2.48.2.jar
2015-11-24 05:51:32,302 [Worker-6] INFO  o.e.m.c.i.e.AbstractTransferListenerAdapter - Downloading https://repo.maven.apache.org/maven2/org/seleniumhq/selenium/selenium-edge-driver/2.48.2/selenium-edge-driver-2.48.2.jar
2015-11-24 05:51:32,345 [Worker-6] INFO  o.e.m.c.i.e.AbstractTransferListenerAdapter - Downloaded https://repo.maven.apache.org/maven2/org/seleniumhq/selenium/selenium-edge-driver/2.48.2/selenium-edge-driver-2.48.2.jar
2015-11-24 05:51:32,396 [Worker-6] INFO  o.e.m.c.i.e.AbstractTransferListenerAdapter - Downloading https://repo.maven.apache.org/maven2/org/seleniumhq/selenium/selenium-htmlunit-driver/2.48.2/selenium-htmlunit-driver-2.48.2.jar
2015-11-24 05:51:32,465 [Worker-6] INFO  o.e.m.c.i.e.AbstractTransferListenerAdapter - Downloaded https://repo.maven.apache.org/maven2/org/seleniumhq/selenium/selenium-htmlunit-driver/2.48.2/selenium-htmlunit-driver-2.48.2.jar
2015-11-24 05:51:32,530 [Worker-6] INFO  o.e.m.c.i.e.AbstractTransferListenerAdapter - Downloading https://repo.maven.apache.org/maven2/net/sourceforge/htmlunit/htmlunit/2.18/htmlunit-2.18.jar
2015-11-24 05:51:33,370 [Worker-6] INFO  o.e.m.c.i.e.AbstractTransferListenerAdapter - Downloaded https://repo.maven.apache.org/maven2/net/sourceforge/htmlunit/htmlunit/2.18/htmlunit-2.18.jar
2015-11-24 05:51:33,419 [Worker-6] INFO  o.e.m.c.i.e.AbstractTransferListenerAdapter - Downloading https://repo.maven.apache.org/maven2/org/apache/httpcomponents/httpmime/4.5/httpmime-4.5.jar
2015-11-24 05:51:33,469 [Worker-6] INFO  o.e.m.c.i.e.AbstractTransferListenerAdapter - Downloaded https://repo.maven.apache.org/maven2/org/apache/httpcomponents/httpmime/4.5/httpmime-4.5.jar
2015-11-24 05:51:33,517 [Worker-6] INFO  o.e.m.c.i.e.AbstractTransferListenerAdapter - Downloading https://repo.maven.apache.org/maven2/org/eclipse/jetty/websocket/websocket-client/9.2.12.v20150709/websocket-client-9.2.12.v20150709.jar
2015-11-24 05:51:33,567 [Worker-6] INFO  o.e.m.c.i.e.AbstractTransferListenerAdapter - Downloaded https://repo.maven.apache.org/maven2/org/eclipse/jetty/websocket/websocket-client/9.2.12.v20150709/websocket-client-9.2.12.v20150709.jar
2015-11-24 05:51:33,621 [Worker-6] INFO  o.e.m.c.i.e.AbstractTransferListenerAdapter - Downloading https://repo.maven.apache.org/maven2/org/eclipse/jetty/jetty-util/9.2.12.v20150709/jetty-util-9.2.12.v20150709.jar
2015-11-24 05:51:33,777 [Worker-6] INFO  o.e.m.c.i.e.AbstractTransferListenerAdapter - Downloaded https://repo.maven.apache.org/maven2/org/eclipse/jetty/jetty-util/9.2.12.v20150709/jetty-util-9.2.12.v20150709.jar
2015-11-24 05:51:33,817 [Worker-6] INFO  o.e.m.c.i.e.AbstractTransferListenerAdapter - Downloading https://repo.maven.apache.org/maven2/org/eclipse/jetty/jetty-io/9.2.12.v20150709/jetty-io-9.2.12.v20150709.jar
2015-11-24 05:51:33,899 [Worker-6] INFO  o.e.m.c.i.e.AbstractTransferListenerAdapter - Downloaded https://repo.maven.apache.org/maven2/org/eclipse/jetty/jetty-io/9.2.12.v20150709/jetty-io-9.2.12.v20150709.jar
2015-11-24 05:51:33,949 [Worker-6] INFO  o.e.m.c.i.e.AbstractTransferListenerAdapter - Downloading https://repo.maven.apache.org/maven2/org/eclipse/jetty/websocket/websocket-common/9.2.12.v20150709/websocket-common-9.2.12.v20150709.jar
2015-11-24 05:51:34,050 [Worker-6] INFO  o.e.m.c.i.e.AbstractTransferListenerAdapter - Downloaded https://repo.maven.apache.org/maven2/org/eclipse/jetty/websocket/websocket-common/9.2.12.v20150709/websocket-common-9.2.12.v20150709.jar
2015-11-24 05:51:34,105 [Worker-6] INFO  o.e.m.c.i.e.AbstractTransferListenerAdapter - Downloading https://repo.maven.apache.org/maven2/org/eclipse/jetty/websocket/websocket-api/9.2.12.v20150709/websocket-api-9.2.12.v20150709.jar
2015-11-24 05:51:34,230 [Worker-6] INFO  o.e.m.c.i.e.AbstractTransferListenerAdapter - Downloaded https://repo.maven.apache.org/maven2/org/eclipse/jetty/websocket/websocket-api/9.2.12.v20150709/websocket-api-9.2.12.v20150709.jar
2015-11-24 05:51:34,269 [Worker-6] INFO  o.e.m.c.i.e.AbstractTransferListenerAdapter - Downloading https://repo.maven.apache.org/maven2/org/apache/httpcomponents/httpclient/4.5.1/httpclient-4.5.1.jar
2015-11-24 05:51:34,562 [Worker-6] INFO  o.e.m.c.i.e.AbstractTransferListenerAdapter - Downloaded https://repo.maven.apache.org/maven2/org/apache/httpcomponents/httpclient/4.5.1/httpclient-4.5.1.jar
2015-11-24 05:51:34,601 [Worker-6] INFO  o.e.m.c.i.e.AbstractTransferListenerAdapter - Downloading https://repo.maven.apache.org/maven2/org/apache/httpcomponents/httpcore/4.4.3/httpcore-4.4.3.jar
2015-11-24 05:51:34,768 [Worker-6] INFO  o.e.m.c.i.e.AbstractTransferListenerAdapter - Downloaded https://repo.maven.apache.org/maven2/org/apache/httpcomponents/httpcore/4.4.3/httpcore-4.4.3.jar
2015-11-24 05:51:34,828 [Worker-6] INFO  o.e.m.c.i.e.AbstractTransferListenerAdapter - Downloading https://repo.maven.apache.org/maven2/org/seleniumhq/selenium/selenium-firefox-driver/2.48.2/selenium-firefox-driver-2.48.2.jar
2015-11-24 05:51:35,269 [Worker-6] INFO  o.e.m.c.i.e.AbstractTransferListenerAdapter - Downloaded https://repo.maven.apache.org/maven2/org/seleniumhq/selenium/selenium-firefox-driver/2.48.2/selenium-firefox-driver-2.48.2.jar
2015-11-24 05:51:35,316 [Worker-6] INFO  o.e.m.c.i.e.AbstractTransferListenerAdapter - Downloading https://repo.maven.apache.org/maven2/org/seleniumhq/selenium/selenium-ie-driver/2.48.2/selenium-ie-driver-2.48.2.jar
2015-11-24 05:51:35,360 [Worker-6] INFO  o.e.m.c.i.e.AbstractTransferListenerAdapter - Downloaded https://repo.maven.apache.org/maven2/org/seleniumhq/selenium/selenium-ie-driver/2.48.2/selenium-ie-driver-2.48.2.jar
2015-11-24 05:51:35,399 [Worker-6] INFO  o.e.m.c.i.e.AbstractTransferListenerAdapter - Downloading https://repo.maven.apache.org/maven2/org/seleniumhq/selenium/selenium-safari-driver/2.48.2/selenium-safari-driver-2.48.2.jar
2015-11-24 05:51:35,476 [Worker-6] INFO  o.e.m.c.i.e.AbstractTransferListenerAdapter - Downloaded https://repo.maven.apache.org/maven2/org/seleniumhq/selenium/selenium-safari-driver/2.48.2/selenium-safari-driver-2.48.2.jar
2015-11-24 05:51:35,515 [Worker-6] INFO  o.e.m.c.i.e.AbstractTransferListenerAdapter - Downloading https://repo.maven.apache.org/maven2/org/seleniumhq/selenium/selenium-support/2.48.2/selenium-support-2.48.2.jar
2015-11-24 05:51:35,619 [Worker-6] INFO  o.e.m.c.i.e.AbstractTransferListenerAdapter - Downloaded https://repo.maven.apache.org/maven2/org/seleniumhq/selenium/selenium-support/2.48.2/selenium-support-2.48.2.jar
2015-11-24 05:51:35,672 [Worker-6] INFO  o.e.m.c.i.e.AbstractTransferListenerAdapter - Downloading https://repo.maven.apache.org/maven2/org/seleniumhq/selenium/selenium-leg-rc/2.48.2/selenium-leg-rc-2.48.2.jar
2015-11-24 05:51:35,855 [Worker-6] INFO  o.e.m.c.i.e.AbstractTransferListenerAdapter - Downloaded https://repo.maven.apache.org/maven2/org/seleniumhq/selenium/selenium-leg-rc/2.48.2/selenium-leg-rc-2.48.2.jar
2015-11-24 05:51:37,093 [Worker-6] WARN  o.e.m.c.i.embedder.EclipseLogger - Using platform encoding (UTF-8 actually) to copy filtered resources, i.e. build is platform dependent!
2015-11-24 05:51:37,124 [Worker-6] INFO  o.e.m.c.i.embedder.EclipseLogger - Copying 0 resource
2015-11-24 05:51:37,128 [Worker-6] WARN  o.e.m.c.i.embedder.EclipseLogger - Using platform encoding (UTF-8 actually) to copy filtered resources, i.e. build is platform dependent!
2015-11-24 05:51:37,129 [Worker-6] INFO  o.e.m.c.i.embedder.EclipseLogger - Copying 0 resource
2015-11-24 05:52:35,937 [Worker-6] WARN  o.e.m.c.i.embedder.EclipseLogger - Using platform encoding (UTF-8 actually) to copy filtered resources, i.e. build is platform dependent!
2015-11-24 05:52:35,938 [Worker-6] INFO  o.e.m.c.i.embedder.EclipseLogger - Copying 0 resource
2015-11-24 05:52:35,940 [Worker-6] WARN  o.e.m.c.i.embedder.EclipseLogger - Using platform encoding (UTF-8 actually) to copy filtered resources, i.e. build is platform dependent!
2015-11-24 05:52:35,944 [Worker-6] INFO  o.e.m.c.i.embedder.EclipseLogger - Copying 1 resource
2015-11-24 05:54:03,051 [Worker-6] WARN  o.e.m.c.i.embedder.EclipseLogger - Using platform encoding (UTF-8 actually) to copy filtered resources, i.e. build is platform dependent!
2015-11-24 05:54:03,054 [Worker-6] INFO  o.e.m.c.i.embedder.EclipseLogger - Copying 0 resource
2015-11-24 05:54:03,056 [Worker-6] WARN  o.e.m.c.i.embedder.EclipseLogger - Using platform encoding (UTF-8 actually) to copy filtered resources, i.e. build is platform dependent!
2015-11-24 05:54:03,057 [Worker-6] INFO  o.e.m.c.i.embedder.EclipseLogger - Copying 1 resource
2015-11-24 05:55:14,816 [Worker-6] INFO  o.e.m.c.i.l.LifecycleMappingFactory - Using org.eclipse.m2e.jdt.JarLifecycleMapping lifecycle mapping for MavenProject: ddfTest.com:selenium.mvn.elclipse:0.0.1-SNAPSHOT @ /Users/capiwega/gitHubRepo/PoiSelenium/selenium.mvn.elclipse/pom.xml.
2015-11-24 05:55:15,418 [Worker-6] WARN  o.e.m.c.i.embedder.EclipseLogger - Using platform encoding (UTF-8 actually) to copy filtered resources, i.e. build is platform dependent!
2015-11-24 05:55:15,421 [Worker-6] INFO  o.e.m.c.i.embedder.EclipseLogger - Copying 0 resource
2015-11-24 05:55:15,423 [Worker-6] WARN  o.e.m.c.i.embedder.EclipseLogger - Using platform encoding (UTF-8 actually) to copy filtered resources, i.e. build is platform dependent!
2015-11-24 05:55:15,424 [Worker-6] INFO  o.e.m.c.i.embedder.EclipseLogger - Copying 0 resource
2015-11-24 05:55:16,757 [Worker-7] WARN  o.e.m.c.i.embedder.EclipseLogger - Using platform encoding (UTF-8 actually) to copy filtered resources, i.e. build is platform dependent!
2015-11-24 05:55:16,758 [Worker-7] INFO  o.e.m.c.i.embedder.EclipseLogger - Copying 0 resource
2015-11-24 05:55:16,759 [Worker-7] WARN  o.e.m.c.i.embedder.EclipseLogger - Using platform encoding (UTF-8 actually) to copy filtered resources, i.e. build is platform dependent!
2015-11-24 05:55:16,762 [Worker-7] INFO  o.e.m.c.i.embedder.EclipseLogger - Copying 1 resource
2015-11-24 05:55:44,818 [Worker-9] WARN  o.e.m.c.i.embedder.EclipseLogger - Using platform encoding (UTF-8 actually) to copy filtered resources, i.e. build is platform dependent!
2015-11-24 05:55:44,819 [Worker-9] INFO  o.e.m.c.i.embedder.EclipseLogger - Copying 0 resource
2015-11-24 05:55:44,820 [Worker-9] WARN  o.e.m.c.i.embedder.EclipseLogger - Using platform encoding (UTF-8 actually) to copy filtered resources, i.e. build is platform dependent!
2015-11-24 05:55:44,821 [Worker-9] INFO  o.e.m.c.i.embedder.EclipseLogger - Copying 1 resource
2015-11-24 05:58:27,721 [Worker-4] WARN  o.e.m.c.i.embedder.EclipseLogger - Using platform encoding (UTF-8 actually) to copy filtered resources, i.e. build is platform dependent!
2015-11-24 05:58:27,722 [Worker-4] INFO  o.e.m.c.i.embedder.EclipseLogger - Copying 0 resource
2015-11-24 05:58:27,725 [Worker-4] WARN  o.e.m.c.i.embedder.EclipseLogger - Using platform encoding (UTF-8 actually) to copy filtered resources, i.e. build is platform dependent!
2015-11-24 05:58:27,726 [Worker-4] INFO  o.e.m.c.i.embedder.EclipseLogger - Copying 1 resource
2015-11-24 06:01:37,913 [main] INFO  o.e.m2e.actions.ExecutePomAction - Creating new launch configuration
2015-11-24 06:01:52,761 [Worker-6] INFO  o.e.m.i.launch.MavenLaunchDelegate - /Users/capiwega/gitHubRepo/PoiSelenium/selenium.mvn.elclipse
2015-11-24 06:01:52,762 [Worker-6] INFO  o.e.m.i.launch.MavenLaunchDelegate -  mvn  -B 
2015-11-26 05:56:45,133 [Worker-5] INFO  o.e.m.c.i.l.LifecycleMappingFactory - Using org.eclipse.m2e.jdt.JarLifecycleMapping lifecycle mapping for MavenProject: pomModel:seleniumPOM:0.0.1-SNAPSHOT @ /Users/capiwega/gitHubRepo/PoiSelenium/seleniumPOM/pom.xml.
2015-11-26 05:56:45,730 [Worker-5] INFO  o.e.m.j.i.AbstractJavaProjectConfigurator - Adding source folder /seleniumPOM/src/main/java
2015-11-26 05:56:45,734 [Worker-5] INFO  o.e.m.j.i.AbstractJavaProjectConfigurator - Adding resource folder /seleniumPOM/src/main/resources
2015-11-26 05:56:45,734 [Worker-5] INFO  o.e.m.j.i.AbstractJavaProjectConfigurator - Adding source folder /seleniumPOM/src/test/java
2015-11-26 05:56:45,734 [Worker-5] INFO  o.e.m.j.i.AbstractJavaProjectConfigurator - Adding resource folder /seleniumPOM/src/test/resources
2015-11-26 05:56:46,136 [Worker-0] WARN  o.e.m.c.i.embedder.EclipseLogger - Using platform encoding (UTF-8 actually) to copy filtered resources, i.e. build is platform dependent!
2015-11-26 05:56:46,145 [Worker-0] INFO  o.e.m.c.i.embedder.EclipseLogger - Copying 0 resource
2015-11-26 05:56:46,148 [Worker-0] WARN  o.e.m.c.i.embedder.EclipseLogger - Using platform encoding (UTF-8 actually) to copy filtered resources, i.e. build is platform dependent!
2015-11-26 05:56:46,149 [Worker-0] INFO  o.e.m.c.i.embedder.EclipseLogger - Copying 0 resource
2015-11-26 05:58:54,826 [Worker-3] INFO  o.e.m.c.i.l.LifecycleMappingFactory - Using org.eclipse.m2e.jdt.JarLifecycleMapping lifecycle mapping for MavenProject: pomModel:seleniumPOM:0.0.1-SNAPSHOT @ /Users/capiwega/gitHubRepo/PoiSelenium/seleniumPOM/pom.xml.
2015-11-26 05:58:56,832 [Worker-3] WARN  o.e.m.c.i.embedder.EclipseLogger - Using platform encoding (UTF-8 actually) to copy filtered resources, i.e. build is platform dependent!
2015-11-26 05:58:56,859 [Worker-3] INFO  o.e.m.c.i.embedder.EclipseLogger - Copying 0 resource
2015-11-26 05:58:56,862 [Worker-3] WARN  o.e.m.c.i.embedder.EclipseLogger - Using platform encoding (UTF-8 actually) to copy filtered resources, i.e. build is platform dependent!
2015-11-26 05:58:56,863 [Worker-3] INFO  o.e.m.c.i.embedder.EclipseLogger - Copying 0 resource
2015-11-26 07:03:42,918 [Worker-8] INFO  o.e.m.c.i.p.ProjectConfigurationManager - Update started
2015-11-26 07:03:43,723 [Worker-8] INFO  o.e.m.c.i.l.LifecycleMappingFactory - Using org.eclipse.m2e.jdt.JarLifecycleMapping lifecycle mapping for MavenProject: ddfTest.com:selenium.mvn.elclipse:0.0.1-SNAPSHOT @ /Users/capiwega/gitHubRepo/PoiSelenium/selenium.mvn.elclipse/pom.xml.
2015-11-26 07:03:43,991 [Worker-8] INFO  o.e.m.c.i.l.LifecycleMappingFactory - Using org.eclipse.m2e.jdt.JarLifecycleMapping lifecycle mapping for MavenProject: pomModel:seleniumPOM:0.0.1-SNAPSHOT @ /Users/capiwega/gitHubRepo/PoiSelenium/seleniumPOM/pom.xml.
2015-11-26 07:03:44,449 [Worker-8] INFO  o.e.m.j.i.AbstractJavaProjectConfigurator - Adding source folder /selenium.mvn.elclipse/src/main/java
2015-11-26 07:03:44,449 [Worker-8] INFO  o.e.m.j.i.AbstractJavaProjectConfigurator - Adding resource folder /selenium.mvn.elclipse/src/main/resources
2015-11-26 07:03:44,450 [Worker-8] INFO  o.e.m.j.i.AbstractJavaProjectConfigurator - Adding source folder /selenium.mvn.elclipse/src/test/java
2015-11-26 07:03:44,451 [Worker-8] INFO  o.e.m.j.i.AbstractJavaProjectConfigurator - Adding resource folder /selenium.mvn.elclipse/src/test/resources
2015-11-26 07:03:44,578 [Worker-8] INFO  o.e.m.j.i.AbstractJavaProjectConfigurator - Adding source folder /seleniumPOM/src/main/java
2015-11-26 07:03:44,578 [Worker-8] INFO  o.e.m.j.i.AbstractJavaProjectConfigurator - Adding resource folder /seleniumPOM/src/main/resources
2015-11-26 07:03:44,579 [Worker-8] INFO  o.e.m.j.i.AbstractJavaProjectConfigurator - Adding source folder /seleniumPOM/src/test/java
2015-11-26 07:03:44,579 [Worker-8] INFO  o.e.m.j.i.AbstractJavaProjectConfigurator - Adding resource folder /seleniumPOM/src/test/resources
2015-11-26 07:03:44,841 [Worker-8] INFO  o.e.m.c.i.p.ProjectConfigurationManager - Update completed: 1 sec
2015-11-26 07:03:45,234 [Worker-8] WARN  o.e.m.c.i.embedder.EclipseLogger - Using platform encoding (UTF-8 actually) to copy filtered resources, i.e. build is platform dependent!
2015-11-26 07:03:45,318 [Worker-8] INFO  o.e.m.c.i.embedder.EclipseLogger - Copying 0 resource
2015-11-26 07:03:45,321 [Worker-8] WARN  o.e.m.c.i.embedder.EclipseLogger - Using platform encoding (UTF-8 actually) to copy filtered resources, i.e. build is platform dependent!
2015-11-26 07:03:45,322 [Worker-8] INFO  o.e.m.c.i.embedder.EclipseLogger - Copying 1 resource
2015-11-26 07:03:45,617 [Worker-8] WARN  o.e.m.c.i.embedder.EclipseLogger - Using platform encoding (UTF-8 actually) to copy filtered resources, i.e. build is platform dependent!
2015-11-26 07:03:45,618 [Worker-8] INFO  o.e.m.c.i.embedder.EclipseLogger - Copying 0 resource
2015-11-26 07:03:45,620 [Worker-8] WARN  o.e.m.c.i.embedder.EclipseLogger - Using platform encoding (UTF-8 actually) to copy filtered resources, i.e. build is platform dependent!
2015-11-26 07:03:45,620 [Worker-8] INFO  o.e.m.c.i.embedder.EclipseLogger - Copying 0 resource
2015-11-26 07:05:35,888 [Start Help Server] INFO  org.eclipse.jetty.server.Server - jetty-8.1.16.v20140903
2015-11-26 07:05:36,102 [Start Help Server] INFO  o.e.jetty.server.AbstractConnector - Started SelectChannelConnector@127.0.0.1:51622
2015-11-26 07:07:10,204 [Worker-9] ERROR o.e.m.c.i.URLConnectionCaches - Unexpected URLConnection defaultUseCaches enabled
2015-11-26 07:07:10,209 [Worker-9] WARN  o.e.m.c.i.embedder.EclipseLogger - Using platform encoding (UTF-8 actually) to copy filtered resources, i.e. build is platform dependent!
2015-11-26 07:07:10,214 [Worker-9] INFO  o.e.m.c.i.embedder.EclipseLogger - Copying 0 resource
2015-11-26 07:07:10,216 [Worker-9] WARN  o.e.m.c.i.embedder.EclipseLogger - Using platform encoding (UTF-8 actually) to copy filtered resources, i.e. build is platform dependent!
2015-11-26 07:07:10,219 [Worker-9] INFO  o.e.m.c.i.embedder.EclipseLogger - Copying 0 resource
2015-11-26 07:07:28,554 [Worker-10] ERROR o.e.m.c.i.URLConnectionCaches - Unexpected URLConnection defaultUseCaches enabled
2015-11-26 07:07:28,559 [Worker-10] WARN  o.e.m.c.i.embedder.EclipseLogger - Using platform encoding (UTF-8 actually) to copy filtered resources, i.e. build is platform dependent!
2015-11-26 07:07:28,560 [Worker-10] INFO  o.e.m.c.i.embedder.EclipseLogger - Copying 0 resource
2015-11-26 07:07:28,562 [Worker-10] WARN  o.e.m.c.i.embedder.EclipseLogger - Using platform encoding (UTF-8 actually) to copy filtered resources, i.e. build is platform dependent!
2015-11-26 07:07:28,563 [Worker-10] INFO  o.e.m.c.i.embedder.EclipseLogger - Copying 0 resource
2015-11-26 07:08:42,065 [Worker-11] ERROR o.e.m.c.i.URLConnectionCaches - Unexpected URLConnection defaultUseCaches enabled
2015-11-26 07:08:42,077 [Worker-11] WARN  o.e.m.c.i.embedder.EclipseLogger - Using platform encoding (UTF-8 actually) to copy filtered resources, i.e. build is platform dependent!
2015-11-26 07:08:42,078 [Worker-11] INFO  o.e.m.c.i.embedder.EclipseLogger - Copying 0 resource
2015-11-26 07:08:42,080 [Worker-11] WARN  o.e.m.c.i.embedder.EclipseLogger - Using platform encoding (UTF-8 actually) to copy filtered resources, i.e. build is platform dependent!
2015-11-26 07:08:42,081 [Worker-11] INFO  o.e.m.c.i.embedder.EclipseLogger - Copying 0 resource
2015-11-26 07:12:24,279 [Worker-14] INFO  o.e.m.i.launch.MavenLaunchDelegate - /Users/capiwega/gitHubRepo/PoiSelenium/seleniumPOM
2015-11-26 07:12:24,280 [Worker-14] INFO  o.e.m.i.launch.MavenLaunchDelegate -  mvn  -B test
2015-11-26 07:12:36,997 [Worker-13] ERROR o.e.m.c.i.URLConnectionCaches - Unexpected URLConnection defaultUseCaches enabled
2015-11-26 07:12:36,999 [Worker-13] WARN  o.e.m.c.i.embedder.EclipseLogger - Using platform encoding (UTF-8 actually) to copy filtered resources, i.e. build is platform dependent!
2015-11-26 07:12:37,000 [Worker-13] INFO  o.e.m.c.i.embedder.EclipseLogger - Copying 0 resource
2015-11-26 07:12:37,002 [Worker-13] WARN  o.e.m.c.i.embedder.EclipseLogger - Using platform encoding (UTF-8 actually) to copy filtered resources, i.e. build is platform dependent!
2015-11-26 07:12:37,002 [Worker-13] INFO  o.e.m.c.i.embedder.EclipseLogger - Copying 0 resource
2015-11-26 07:23:11,242 [Worker-22] ERROR o.e.m.c.i.URLConnectionCaches - Unexpected URLConnection defaultUseCaches enabled
2015-11-26 07:23:11,246 [Worker-22] WARN  o.e.m.c.i.embedder.EclipseLogger - Using platform encoding (UTF-8 actually) to copy filtered resources, i.e. build is platform dependent!
2015-11-26 07:23:11,246 [Worker-22] INFO  o.e.m.c.i.embedder.EclipseLogger - Copying 0 resource
2015-11-26 07:23:11,248 [Worker-22] WARN  o.e.m.c.i.embedder.EclipseLogger - Using platform encoding (UTF-8 actually) to copy filtered resources, i.e. build is platform dependent!
2015-11-26 07:23:11,248 [Worker-22] INFO  o.e.m.c.i.embedder.EclipseLogger - Copying 0 resource
2015-11-26 07:23:26,294 [Worker-21] INFO  o.e.m.i.launch.MavenLaunchDelegate - /Users/capiwega/gitHubRepo/PoiSelenium/seleniumPOM
2015-11-26 07:23:26,295 [Worker-21] INFO  o.e.m.i.launch.MavenLaunchDelegate -  mvn  -B test
2015-11-26 07:23:31,683 [Worker-19] ERROR o.e.m.c.i.URLConnectionCaches - Unexpected URLConnection defaultUseCaches enabled
2015-11-26 07:23:31,685 [Worker-19] WARN  o.e.m.c.i.embedder.EclipseLogger - Using platform encoding (UTF-8 actually) to copy filtered resources, i.e. build is platform dependent!
2015-11-26 07:23:31,707 [Worker-19] INFO  o.e.m.c.i.embedder.EclipseLogger - Copying 0 resource
2015-11-26 07:23:31,709 [Worker-19] WARN  o.e.m.c.i.embedder.EclipseLogger - Using platform encoding (UTF-8 actually) to copy filtered resources, i.e. build is platform dependent!
2015-11-26 07:23:31,712 [Worker-19] INFO  o.e.m.c.i.embedder.EclipseLogger - Copying 0 resource
2015-11-26 07:25:53,223 [Worker-24] INFO  o.e.m.c.i.p.ProjectConfigurationManager - Update started
2015-11-26 07:25:53,229 [Worker-24] ERROR o.e.m.c.i.URLConnectionCaches - Unexpected URLConnection defaultUseCaches enabled
2015-11-26 07:25:53,279 [Worker-24] INFO  o.e.m.c.i.l.LifecycleMappingFactory - Using org.eclipse.m2e.jdt.JarLifecycleMapping lifecycle mapping for MavenProject: pomModel:seleniumPOM:0.0.1-SNAPSHOT @ /Users/capiwega/gitHubRepo/PoiSelenium/seleniumPOM/pom.xml.
2015-11-26 07:25:53,706 [Worker-24] ERROR o.e.m.c.i.URLConnectionCaches - Unexpected URLConnection defaultUseCaches enabled
2015-11-26 07:25:53,711 [Worker-24] INFO  o.e.m.j.i.AbstractJavaProjectConfigurator - Adding source folder /seleniumPOM/src/main/java
2015-11-26 07:25:53,712 [Worker-24] INFO  o.e.m.j.i.AbstractJavaProjectConfigurator - Adding resource folder /seleniumPOM/src/main/resources
2015-11-26 07:25:53,712 [Worker-24] INFO  o.e.m.j.i.AbstractJavaProjectConfigurator - Adding source folder /seleniumPOM/src/test/java
2015-11-26 07:25:53,713 [Worker-24] INFO  o.e.m.j.i.AbstractJavaProjectConfigurator - Adding resource folder /seleniumPOM/src/test/resources
2015-11-26 07:25:53,820 [Worker-24] INFO  o.e.m.c.i.p.ProjectConfigurationManager - Update completed: 0 sec
2015-11-26 07:25:54,285 [Worker-23] ERROR o.e.m.c.i.URLConnectionCaches - Unexpected URLConnection defaultUseCaches enabled
2015-11-26 07:25:54,288 [Worker-23] WARN  o.e.m.c.i.embedder.EclipseLogger - Using platform encoding (UTF-8 actually) to copy filtered resources, i.e. build is platform dependent!
2015-11-26 07:25:54,289 [Worker-23] INFO  o.e.m.c.i.embedder.EclipseLogger - Copying 0 resource
2015-11-26 07:25:54,291 [Worker-23] WARN  o.e.m.c.i.embedder.EclipseLogger - Using platform encoding (UTF-8 actually) to copy filtered resources, i.e. build is platform dependent!
2015-11-26 07:25:54,292 [Worker-23] INFO  o.e.m.c.i.embedder.EclipseLogger - Copying 0 resource
2015-11-26 07:26:05,587 [Worker-24] INFO  o.e.m.i.launch.MavenLaunchDelegate - /Users/capiwega/gitHubRepo/PoiSelenium/seleniumPOM
2015-11-26 07:26:05,587 [Worker-24] INFO  o.e.m.i.launch.MavenLaunchDelegate -  mvn  -B test
2015-11-26 07:26:11,250 [Worker-25] ERROR o.e.m.c.i.URLConnectionCaches - Unexpected URLConnection defaultUseCaches enabled
2015-11-26 07:26:11,259 [Worker-25] WARN  o.e.m.c.i.embedder.EclipseLogger - Using platform encoding (UTF-8 actually) to copy filtered resources, i.e. build is platform dependent!
2015-11-26 07:26:11,259 [Worker-25] INFO  o.e.m.c.i.embedder.EclipseLogger - Copying 0 resource
2015-11-26 07:26:11,262 [Worker-25] WARN  o.e.m.c.i.embedder.EclipseLogger - Using platform encoding (UTF-8 actually) to copy filtered resources, i.e. build is platform dependent!
2015-11-26 07:26:11,262 [Worker-25] INFO  o.e.m.c.i.embedder.EclipseLogger - Copying 0 resource
2015-11-26 07:27:36,955 [Worker-21] ERROR o.e.m.c.i.URLConnectionCaches - Unexpected URLConnection defaultUseCaches enabled
2015-11-26 07:27:36,960 [Worker-21] WARN  o.e.m.c.i.embedder.EclipseLogger - Using platform encoding (UTF-8 actually) to copy filtered resources, i.e. build is platform dependent!
2015-11-26 07:27:36,960 [Worker-21] INFO  o.e.m.c.i.embedder.EclipseLogger - Copying 0 resource
2015-11-26 07:27:36,962 [Worker-21] WARN  o.e.m.c.i.embedder.EclipseLogger - Using platform encoding (UTF-8 actually) to copy filtered resources, i.e. build is platform dependent!
2015-11-26 07:27:36,963 [Worker-21] INFO  o.e.m.c.i.embedder.EclipseLogger - Copying 0 resource
2015-11-26 07:28:01,264 [Worker-26] INFO  o.e.m.i.launch.MavenLaunchDelegate - /Users/capiwega/gitHubRepo/PoiSelenium/seleniumPOM
2015-11-26 07:28:01,265 [Worker-26] INFO  o.e.m.i.launch.MavenLaunchDelegate -  mvn  -B test
2015-11-26 07:28:06,735 [Worker-23] ERROR o.e.m.c.i.URLConnectionCaches - Unexpected URLConnection defaultUseCaches enabled
2015-11-26 07:28:06,738 [Worker-23] WARN  o.e.m.c.i.embedder.EclipseLogger - Using platform encoding (UTF-8 actually) to copy filtered resources, i.e. build is platform dependent!
2015-11-26 07:28:06,738 [Worker-23] INFO  o.e.m.c.i.embedder.EclipseLogger - Copying 0 resource
2015-11-26 07:28:06,740 [Worker-23] WARN  o.e.m.c.i.embedder.EclipseLogger - Using platform encoding (UTF-8 actually) to copy filtered resources, i.e. build is platform dependent!
2015-11-26 07:28:06,741 [Worker-23] INFO  o.e.m.c.i.embedder.EclipseLogger - Copying 0 resource
2015-11-26 07:29:03,004 [Worker-23] INFO  o.e.m.i.launch.MavenLaunchDelegate - /Users/capiwega/gitHubRepo/PoiSelenium/seleniumPOM
2015-11-26 07:29:03,004 [Worker-23] INFO  o.e.m.i.launch.MavenLaunchDelegate -  mvn  -B test
2015-11-26 07:29:08,722 [Worker-21] ERROR o.e.m.c.i.URLConnectionCaches - Unexpected URLConnection defaultUseCaches enabled
2015-11-26 07:29:08,724 [Worker-21] WARN  o.e.m.c.i.embedder.EclipseLogger - Using platform encoding (UTF-8 actually) to copy filtered resources, i.e. build is platform dependent!
2015-11-26 07:29:08,725 [Worker-21] INFO  o.e.m.c.i.embedder.EclipseLogger - Copying 0 resource
2015-11-26 07:29:08,727 [Worker-21] WARN  o.e.m.c.i.embedder.EclipseLogger - Using platform encoding (UTF-8 actually) to copy filtered resources, i.e. build is platform dependent!
2015-11-26 07:29:08,728 [Worker-21] INFO  o.e.m.c.i.embedder.EclipseLogger - Copying 0 resource
2015-11-26 07:31:21,546 [Worker-24] ERROR o.e.m.c.i.URLConnectionCaches - Unexpected URLConnection defaultUseCaches enabled
2015-11-26 07:31:21,552 [Worker-24] WARN  o.e.m.c.i.embedder.EclipseLogger - Using platform encoding (UTF-8 actually) to copy filtered resources, i.e. build is platform dependent!
2015-11-26 07:31:21,552 [Worker-24] INFO  o.e.m.c.i.embedder.EclipseLogger - Copying 0 resource
2015-11-26 07:31:21,556 [Worker-24] WARN  o.e.m.c.i.embedder.EclipseLogger - Using platform encoding (UTF-8 actually) to copy filtered resources, i.e. build is platform dependent!
2015-11-26 07:31:21,556 [Worker-24] INFO  o.e.m.c.i.embedder.EclipseLogger - Copying 0 resource
2015-11-26 07:31:28,405 [Worker-27] INFO  o.e.m.i.launch.MavenLaunchDelegate - /Users/capiwega/gitHubRepo/PoiSelenium/seleniumPOM
2015-11-26 07:31:28,405 [Worker-27] INFO  o.e.m.i.launch.MavenLaunchDelegate -  mvn  -B test
2015-11-26 07:31:42,509 [Worker-25] ERROR o.e.m.c.i.URLConnectionCaches - Unexpected URLConnection defaultUseCaches enabled
2015-11-26 07:31:42,514 [Worker-25] WARN  o.e.m.c.i.embedder.EclipseLogger - Using platform encoding (UTF-8 actually) to copy filtered resources, i.e. build is platform dependent!
2015-11-26 07:31:42,517 [Worker-25] INFO  o.e.m.c.i.embedder.EclipseLogger - Copying 0 resource
2015-11-26 07:31:42,518 [Worker-25] WARN  o.e.m.c.i.embedder.EclipseLogger - Using platform encoding (UTF-8 actually) to copy filtered resources, i.e. build is platform dependent!
2015-11-26 07:31:42,519 [Worker-25] INFO  o.e.m.c.i.embedder.EclipseLogger - Copying 0 resource
2015-11-26 07:32:00,067 [Worker-28] ERROR o.e.m.c.i.URLConnectionCaches - Unexpected URLConnection defaultUseCaches enabled
2015-11-26 07:32:00,072 [Worker-28] WARN  o.e.m.c.i.embedder.EclipseLogger - Using platform encoding (UTF-8 actually) to copy filtered resources, i.e. build is platform dependent!
2015-11-26 07:32:00,072 [Worker-28] INFO  o.e.m.c.i.embedder.EclipseLogger - Copying 0 resource
2015-11-26 07:32:00,073 [Worker-28] WARN  o.e.m.c.i.embedder.EclipseLogger - Using platform encoding (UTF-8 actually) to copy filtered resources, i.e. build is platform dependent!
2015-11-26 07:32:00,074 [Worker-28] INFO  o.e.m.c.i.embedder.EclipseLogger - Copying 0 resource
2015-11-26 07:32:08,974 [Worker-27] INFO  o.e.m.c.i.p.ProjectConfigurationManager - Update started
2015-11-26 07:32:08,980 [Worker-27] ERROR o.e.m.c.i.URLConnectionCaches - Unexpected URLConnection defaultUseCaches enabled
2015-11-26 07:32:09,021 [Worker-27] INFO  o.e.m.c.i.l.LifecycleMappingFactory - Using org.eclipse.m2e.jdt.JarLifecycleMapping lifecycle mapping for MavenProject: pomModel:seleniumPOM:0.0.1-SNAPSHOT @ /Users/capiwega/gitHubRepo/PoiSelenium/seleniumPOM/pom.xml.
2015-11-26 07:32:09,326 [Worker-27] ERROR o.e.m.c.i.URLConnectionCaches - Unexpected URLConnection defaultUseCaches enabled
2015-11-26 07:32:09,329 [Worker-27] INFO  o.e.m.j.i.AbstractJavaProjectConfigurator - Adding source folder /seleniumPOM/src/main/java
2015-11-26 07:32:09,330 [Worker-27] INFO  o.e.m.j.i.AbstractJavaProjectConfigurator - Adding resource folder /seleniumPOM/src/main/resources
2015-11-26 07:32:09,331 [Worker-27] INFO  o.e.m.j.i.AbstractJavaProjectConfigurator - Adding source folder /seleniumPOM/src/test/java
2015-11-26 07:32:09,331 [Worker-27] INFO  o.e.m.j.i.AbstractJavaProjectConfigurator - Adding resource folder /seleniumPOM/src/test/resources
2015-11-26 07:32:09,470 [Worker-27] INFO  o.e.m.c.i.p.ProjectConfigurationManager - Update completed: 0 sec
2015-11-26 07:32:09,819 [Worker-26] ERROR o.e.m.c.i.URLConnectionCaches - Unexpected URLConnection defaultUseCaches enabled
2015-11-26 07:32:09,822 [Worker-26] WARN  o.e.m.c.i.embedder.EclipseLogger - Using platform encoding (UTF-8 actually) to copy filtered resources, i.e. build is platform dependent!
2015-11-26 07:32:09,823 [Worker-26] INFO  o.e.m.c.i.embedder.EclipseLogger - Copying 0 resource
2015-11-26 07:32:09,825 [Worker-26] WARN  o.e.m.c.i.embedder.EclipseLogger - Using platform encoding (UTF-8 actually) to copy filtered resources, i.e. build is platform dependent!
2015-11-26 07:32:09,826 [Worker-26] INFO  o.e.m.c.i.embedder.EclipseLogger - Copying 0 resource
2015-11-26 07:32:15,364 [Worker-25] INFO  o.e.m.i.launch.MavenLaunchDelegate - /Users/capiwega/gitHubRepo/PoiSelenium/seleniumPOM
2015-11-26 07:32:15,365 [Worker-25] INFO  o.e.m.i.launch.MavenLaunchDelegate -  mvn  -B test
2015-11-26 07:32:25,838 [Worker-24] ERROR o.e.m.c.i.URLConnectionCaches - Unexpected URLConnection defaultUseCaches enabled
2015-11-26 07:32:25,840 [Worker-24] WARN  o.e.m.c.i.embedder.EclipseLogger - Using platform encoding (UTF-8 actually) to copy filtered resources, i.e. build is platform dependent!
2015-11-26 07:32:25,841 [Worker-24] INFO  o.e.m.c.i.embedder.EclipseLogger - Copying 0 resource
2015-11-26 07:32:25,842 [Worker-24] WARN  o.e.m.c.i.embedder.EclipseLogger - Using platform encoding (UTF-8 actually) to copy filtered resources, i.e. build is platform dependent!
2015-11-26 07:32:25,842 [Worker-24] INFO  o.e.m.c.i.embedder.EclipseLogger - Copying 0 resource
2015-11-26 16:59:28,910 [Worker-184] ERROR o.e.m.c.i.URLConnectionCaches - Unexpected URLConnection defaultUseCaches enabled
2015-11-26 16:59:29,330 [Worker-184] WARN  o.e.m.c.i.embedder.EclipseLogger - Using platform encoding (UTF-8 actually) to copy filtered resources, i.e. build is platform dependent!
2015-11-26 16:59:29,331 [Worker-184] INFO  o.e.m.c.i.embedder.EclipseLogger - Copying 0 resource
2015-11-26 16:59:29,333 [Worker-184] WARN  o.e.m.c.i.embedder.EclipseLogger - Using platform encoding (UTF-8 actually) to copy filtered resources, i.e. build is platform dependent!
2015-11-26 16:59:29,351 [Worker-184] INFO  o.e.m.c.i.embedder.EclipseLogger - Copying 0 resource
2015-11-26 17:00:51,362 [Worker-197] INFO  o.e.m.i.launch.MavenLaunchDelegate - /Users/capiwega/gitHubRepo/PoiSelenium/seleniumPOM
2015-11-26 17:00:51,363 [Worker-197] INFO  o.e.m.i.launch.MavenLaunchDelegate -  mvn  -B test
2015-11-26 17:01:06,038 [Worker-200] ERROR o.e.m.c.i.URLConnectionCaches - Unexpected URLConnection defaultUseCaches enabled
2015-11-26 17:01:06,041 [Worker-200] WARN  o.e.m.c.i.embedder.EclipseLogger - Using platform encoding (UTF-8 actually) to copy filtered resources, i.e. build is platform dependent!
2015-11-26 17:01:06,042 [Worker-200] INFO  o.e.m.c.i.embedder.EclipseLogger - Copying 0 resource
2015-11-26 17:01:06,044 [Worker-200] WARN  o.e.m.c.i.embedder.EclipseLogger - Using platform encoding (UTF-8 actually) to copy filtered resources, i.e. build is platform dependent!
2015-11-26 17:01:06,045 [Worker-200] INFO  o.e.m.c.i.embedder.EclipseLogger - Copying 0 resource
2015-11-26 17:11:21,943 [Worker-205] INFO  o.e.m.c.i.p.ProjectConfigurationManager - Update started
2015-11-26 17:11:21,958 [Worker-205] ERROR o.e.m.c.i.URLConnectionCaches - Unexpected URLConnection defaultUseCaches enabled
2015-11-26 17:11:22,193 [Worker-205] INFO  o.e.m.c.i.l.LifecycleMappingFactory - Using org.eclipse.m2e.jdt.JarLifecycleMapping lifecycle mapping for MavenProject: pomModel:seleniumPOM:0.0.1-SNAPSHOT @ /Users/capiwega/gitHubRepo/PoiSelenium/seleniumPOM/pom.xml.
2015-11-26 17:11:22,853 [Worker-205] ERROR o.e.m.c.i.URLConnectionCaches - Unexpected URLConnection defaultUseCaches enabled
2015-11-26 17:11:22,857 [Worker-205] INFO  o.e.m.j.i.AbstractJavaProjectConfigurator - Adding source folder /seleniumPOM/src/main/java
2015-11-26 17:11:22,858 [Worker-205] INFO  o.e.m.j.i.AbstractJavaProjectConfigurator - Adding resource folder /seleniumPOM/src/main/resources
2015-11-26 17:11:22,859 [Worker-205] INFO  o.e.m.j.i.AbstractJavaProjectConfigurator - Adding source folder /seleniumPOM/src/test/java
2015-11-26 17:11:22,860 [Worker-205] INFO  o.e.m.j.i.AbstractJavaProjectConfigurator - Adding resource folder /seleniumPOM/src/test/resources
2015-11-26 17:11:22,979 [Worker-205] INFO  o.e.m.c.i.p.ProjectConfigurationManager - Update completed: 1 sec
2015-11-26 17:11:23,333 [Worker-206] ERROR o.e.m.c.i.URLConnectionCaches - Unexpected URLConnection defaultUseCaches enabled
2015-11-26 17:11:23,338 [Worker-206] WARN  o.e.m.c.i.embedder.EclipseLogger - Using platform encoding (UTF-8 actually) to copy filtered resources, i.e. build is platform dependent!
2015-11-26 17:11:23,339 [Worker-206] INFO  o.e.m.c.i.embedder.EclipseLogger - Copying 0 resource
2015-11-26 17:11:23,341 [Worker-206] WARN  o.e.m.c.i.embedder.EclipseLogger - Using platform encoding (UTF-8 actually) to copy filtered resources, i.e. build is platform dependent!
2015-11-26 17:11:23,342 [Worker-206] INFO  o.e.m.c.i.embedder.EclipseLogger - Copying 0 resource
2015-11-26 17:11:31,800 [Worker-203] INFO  o.e.m.i.launch.MavenLaunchDelegate - /Users/capiwega/gitHubRepo/PoiSelenium/seleniumPOM
2015-11-26 17:11:31,802 [Worker-203] INFO  o.e.m.i.launch.MavenLaunchDelegate -  mvn  -B test
2015-11-26 17:11:43,271 [Worker-206] ERROR o.e.m.c.i.URLConnectionCaches - Unexpected URLConnection defaultUseCaches enabled
2015-11-26 17:11:43,274 [Worker-206] WARN  o.e.m.c.i.embedder.EclipseLogger - Using platform encoding (UTF-8 actually) to copy filtered resources, i.e. build is platform dependent!
2015-11-26 17:11:43,275 [Worker-206] INFO  o.e.m.c.i.embedder.EclipseLogger - Copying 0 resource
2015-11-26 17:11:43,277 [Worker-206] WARN  o.e.m.c.i.embedder.EclipseLogger - Using platform encoding (UTF-8 actually) to copy filtered resources, i.e. build is platform dependent!
2015-11-26 17:11:43,278 [Worker-206] INFO  o.e.m.c.i.embedder.EclipseLogger - Copying 0 resource
2015-11-26 17:12:55,215 [Worker-201] INFO  o.e.m.i.launch.MavenLaunchDelegate - /Users/capiwega/gitHubRepo/PoiSelenium/seleniumPOM
2015-11-26 17:12:55,215 [Worker-201] INFO  o.e.m.i.launch.MavenLaunchDelegate -  mvn  -B test
2015-11-26 17:13:08,070 [Worker-205] ERROR o.e.m.c.i.URLConnectionCaches - Unexpected URLConnection defaultUseCaches enabled
2015-11-26 17:13:08,073 [Worker-205] WARN  o.e.m.c.i.embedder.EclipseLogger - Using platform encoding (UTF-8 actually) to copy filtered resources, i.e. build is platform dependent!
2015-11-26 17:13:08,074 [Worker-205] INFO  o.e.m.c.i.embedder.EclipseLogger - Copying 0 resource
2015-11-26 17:13:08,075 [Worker-205] WARN  o.e.m.c.i.embedder.EclipseLogger - Using platform encoding (UTF-8 actually) to copy filtered resources, i.e. build is platform dependent!
2015-11-26 17:13:08,076 [Worker-205] INFO  o.e.m.c.i.embedder.EclipseLogger - Copying 0 resource
2015-11-26 17:15:15,480 [Worker-201] ERROR o.e.m.c.i.URLConnectionCaches - Unexpected URLConnection defaultUseCaches enabled
2015-11-26 17:15:15,483 [Worker-201] WARN  o.e.m.c.i.embedder.EclipseLogger - Using platform encoding (UTF-8 actually) to copy filtered resources, i.e. build is platform dependent!
2015-11-26 17:15:15,484 [Worker-201] INFO  o.e.m.c.i.embedder.EclipseLogger - Copying 0 resource
2015-11-26 17:15:15,486 [Worker-201] WARN  o.e.m.c.i.embedder.EclipseLogger - Using platform encoding (UTF-8 actually) to copy filtered resources, i.e. build is platform dependent!
2015-11-26 17:15:15,487 [Worker-201] INFO  o.e.m.c.i.embedder.EclipseLogger - Copying 0 resource
2015-11-26 17:15:24,062 [Worker-205] INFO  o.e.m.c.i.p.ProjectConfigurationManager - Update started
2015-11-26 17:15:24,068 [Worker-205] ERROR o.e.m.c.i.URLConnectionCaches - Unexpected URLConnection defaultUseCaches enabled
2015-11-26 17:15:24,127 [Worker-205] INFO  o.e.m.c.i.l.LifecycleMappingFactory - Using org.eclipse.m2e.jdt.JarLifecycleMapping lifecycle mapping for MavenProject: pomModel:seleniumPOM:0.0.1-SNAPSHOT @ /Users/capiwega/gitHubRepo/PoiSelenium/seleniumPOM/pom.xml.
2015-11-26 17:15:24,393 [Worker-205] ERROR o.e.m.c.i.URLConnectionCaches - Unexpected URLConnection defaultUseCaches enabled
2015-11-26 17:15:24,396 [Worker-205] INFO  o.e.m.j.i.AbstractJavaProjectConfigurator - Adding source folder /seleniumPOM/src/main/java
2015-11-26 17:15:24,397 [Worker-205] INFO  o.e.m.j.i.AbstractJavaProjectConfigurator - Adding resource folder /seleniumPOM/src/main/resources
2015-11-26 17:15:24,398 [Worker-205] INFO  o.e.m.j.i.AbstractJavaProjectConfigurator - Adding source folder /seleniumPOM/src/test/java
2015-11-26 17:15:24,399 [Worker-205] INFO  o.e.m.j.i.AbstractJavaProjectConfigurator - Adding resource folder /seleniumPOM/src/test/resources
2015-11-26 17:15:24,526 [Worker-205] INFO  o.e.m.c.i.p.ProjectConfigurationManager - Update completed: 0 sec
2015-11-26 17:15:24,864 [Worker-203] ERROR o.e.m.c.i.URLConnectionCaches - Unexpected URLConnection defaultUseCaches enabled
2015-11-26 17:15:24,867 [Worker-203] WARN  o.e.m.c.i.embedder.EclipseLogger - Using platform encoding (UTF-8 actually) to copy filtered resources, i.e. build is platform dependent!
2015-11-26 17:15:24,868 [Worker-203] INFO  o.e.m.c.i.embedder.EclipseLogger - Copying 0 resource
2015-11-26 17:15:24,870 [Worker-203] WARN  o.e.m.c.i.embedder.EclipseLogger - Using platform encoding (UTF-8 actually) to copy filtered resources, i.e. build is platform dependent!
2015-11-26 17:15:24,872 [Worker-203] INFO  o.e.m.c.i.embedder.EclipseLogger - Copying 0 resource
2015-11-26 17:15:35,274 [Worker-205] INFO  o.e.m.i.launch.MavenLaunchDelegate - /Users/capiwega/gitHubRepo/PoiSelenium/seleniumPOM
2015-11-26 17:15:35,274 [Worker-205] INFO  o.e.m.i.launch.MavenLaunchDelegate -  mvn  -B test
2015-11-26 17:15:59,513 [Worker-205] ERROR o.e.m.c.i.URLConnectionCaches - Unexpected URLConnection defaultUseCaches enabled
2015-11-26 17:15:59,516 [Worker-205] WARN  o.e.m.c.i.embedder.EclipseLogger - Using platform encoding (UTF-8 actually) to copy filtered resources, i.e. build is platform dependent!
2015-11-26 17:15:59,517 [Worker-205] INFO  o.e.m.c.i.embedder.EclipseLogger - Copying 0 resource
2015-11-26 17:15:59,519 [Worker-205] WARN  o.e.m.c.i.embedder.EclipseLogger - Using platform encoding (UTF-8 actually) to copy filtered resources, i.e. build is platform dependent!
2015-11-26 17:15:59,520 [Worker-205] INFO  o.e.m.c.i.embedder.EclipseLogger - Copying 0 resource
2015-11-26 17:17:41,215 [Worker-203] ERROR o.e.m.c.i.URLConnectionCaches - Unexpected URLConnection defaultUseCaches enabled
2015-11-26 17:17:41,218 [Worker-203] WARN  o.e.m.c.i.embedder.EclipseLogger - Using platform encoding (UTF-8 actually) to copy filtered resources, i.e. build is platform dependent!
2015-11-26 17:17:41,219 [Worker-203] INFO  o.e.m.c.i.embedder.EclipseLogger - Copying 0 resource
2015-11-26 17:17:41,222 [Worker-203] WARN  o.e.m.c.i.embedder.EclipseLogger - Using platform encoding (UTF-8 actually) to copy filtered resources, i.e. build is platform dependent!
2015-11-26 17:17:41,223 [Worker-203] INFO  o.e.m.c.i.embedder.EclipseLogger - Copying 0 resource
2015-11-26 17:17:50,006 [Worker-203] INFO  o.e.m.c.i.p.ProjectConfigurationManager - Update started
2015-11-26 17:17:50,014 [Worker-203] ERROR o.e.m.c.i.URLConnectionCaches - Unexpected URLConnection defaultUseCaches enabled
2015-11-26 17:17:50,044 [Worker-203] INFO  o.e.m.c.i.l.LifecycleMappingFactory - Using org.eclipse.m2e.jdt.JarLifecycleMapping lifecycle mapping for MavenProject: pomModel:seleniumPOM:0.0.1-SNAPSHOT @ /Users/capiwega/gitHubRepo/PoiSelenium/seleniumPOM/pom.xml.
2015-11-26 17:17:50,319 [Worker-203] ERROR o.e.m.c.i.URLConnectionCaches - Unexpected URLConnection defaultUseCaches enabled
2015-11-26 17:17:50,327 [Worker-203] INFO  o.e.m.j.i.AbstractJavaProjectConfigurator - Adding source folder /seleniumPOM/src/main/java
2015-11-26 17:17:50,328 [Worker-203] INFO  o.e.m.j.i.AbstractJavaProjectConfigurator - Adding resource folder /seleniumPOM/src/main/resources
2015-11-26 17:17:50,328 [Worker-203] INFO  o.e.m.j.i.AbstractJavaProjectConfigurator - Adding source folder /seleniumPOM/src/test/java
2015-11-26 17:17:50,329 [Worker-203] INFO  o.e.m.j.i.AbstractJavaProjectConfigurator - Adding resource folder /seleniumPOM/src/test/resources
2015-11-26 17:17:50,477 [Worker-203] INFO  o.e.m.c.i.p.ProjectConfigurationManager - Update completed: 0 sec
2015-11-26 17:17:50,902 [Worker-208] ERROR o.e.m.c.i.URLConnectionCaches - Unexpected URLConnection defaultUseCaches enabled
2015-11-26 17:17:50,905 [Worker-208] WARN  o.e.m.c.i.embedder.EclipseLogger - Using platform encoding (UTF-8 actually) to copy filtered resources, i.e. build is platform dependent!
2015-11-26 17:17:50,906 [Worker-208] INFO  o.e.m.c.i.embedder.EclipseLogger - Copying 0 resource
2015-11-26 17:17:50,911 [Worker-208] WARN  o.e.m.c.i.embedder.EclipseLogger - Using platform encoding (UTF-8 actually) to copy filtered resources, i.e. build is platform dependent!
2015-11-26 17:17:50,912 [Worker-208] INFO  o.e.m.c.i.embedder.EclipseLogger - Copying 0 resource
2015-11-26 17:17:55,136 [Worker-208] INFO  o.e.m.i.launch.MavenLaunchDelegate - /Users/capiwega/gitHubRepo/PoiSelenium/seleniumPOM
2015-11-26 17:17:55,136 [Worker-208] INFO  o.e.m.i.launch.MavenLaunchDelegate -  mvn  -B test
2015-11-26 17:18:07,298 [Worker-201] ERROR o.e.m.c.i.URLConnectionCaches - Unexpected URLConnection defaultUseCaches enabled
2015-11-26 17:18:07,300 [Worker-201] WARN  o.e.m.c.i.embedder.EclipseLogger - Using platform encoding (UTF-8 actually) to copy filtered resources, i.e. build is platform dependent!
2015-11-26 17:18:07,309 [Worker-201] INFO  o.e.m.c.i.embedder.EclipseLogger - Copying 0 resource
2015-11-26 17:18:07,311 [Worker-201] WARN  o.e.m.c.i.embedder.EclipseLogger - Using platform encoding (UTF-8 actually) to copy filtered resources, i.e. build is platform dependent!
2015-11-26 17:18:07,316 [Worker-201] INFO  o.e.m.c.i.embedder.EclipseLogger - Copying 0 resource
2015-11-27 20:48:52,925 [Stop Help Server] INFO  o.e.j.server.handler.ContextHandler - stopped o.e.j.s.ServletContextHandler{/help,null}
